zone: 0 ring: 0 sector: 0 is_upright: true: heading: -1.7348886524582927 concentric_idx: 0
zone: 0 ring: 0 sector: 1 is_upright: true: heading: -1.7443179666744808 concentric_idx: 0
zone: 0 ring: 0 sector: 2 is_upright: true: heading: -3.2485371627695425 concentric_idx: 0
zone: 0 ring: 0 sector: 3 is_upright: true: heading: -2.0277353780743947 concentric_idx: 0
zone: 0 ring: 0 sector: 4 is_upright: true: heading: -1.9789423562900956 concentric_idx: 0
zone: 0 ring: 0 sector: 5 is_upright: true: heading: -1.739735438417117 concentric_idx: 0
zone: 0 ring: 0 sector: 6 is_upright: true: heading: -1.75397105248434 concentric_idx: 0
zone: 0 ring: 0 sector: 7 is_upright: true: heading: -1.6960564505386981 concentric_idx: 0
zone: 0 ring: 0 sector: 8 is_upright: true: heading: -1.6919358795719397 concentric_idx: 0
zone: 0 ring: 0 sector: 9 is_upright: true: heading: -1.8268302983436984 concentric_idx: 0
zone: 0 ring: 0 sector: 10 is_upright: true: heading: -1.8818344511189091 concentric_idx: 0
zone: 0 ring: 0 sector: 11 is_upright: true: heading: -2.615505647946704 concentric_idx: 0
zone: 0 ring: 0 sector: 12 is_upright: true: heading: -2.8947675751170783 concentric_idx: 0
zone: 0 ring: 0 sector: 13 is_upright: true: heading: -1.9847967617186804 concentric_idx: 0
zone: 0 ring: 0 sector: 14 is_upright: true: heading: -2.385079391786257 concentric_idx: 0
zone: 0 ring: 0 sector: 15 is_upright: true: heading: -2.2243437479020334 concentric_idx: 0
zone: 0 ring: 1 sector: 0 is_upright: true: heading: -1.7481313939759093 concentric_idx: 1
zone: 0 ring: 1 sector: 1 is_upright: true: heading: -2.4774781334071103 concentric_idx: 1
zone: 0 ring: 1 sector: 2 is_upright: true: heading: 0.28366112692535883 concentric_idx: 1
zone: 0 ring: 1 sector: 3 is_upright: true: heading: -4.982947270263992 concentric_idx: 1
zone: 0 ring: 1 sector: 4 is_upright: true: heading: -4.6036662021000945 concentric_idx: 1
zone: 0 ring: 1 sector: 5 is_upright: true: heading: -1.8116839611475362 concentric_idx: 1
zone: 0 ring: 1 sector: 6 is_upright: true: heading: -1.643481111344487 concentric_idx: 1
zone: 0 ring: 1 sector: 7 is_upright: true: heading: -1.4716485047051833 concentric_idx: 1
zone: 0 ring: 1 sector: 8 is_upright: true: heading: -1.7231042333071598 concentric_idx: 1
zone: 0 ring: 1 sector: 9 is_upright: true: heading: -1.8441543104270866 concentric_idx: 1
zone: 0 ring: 1 sector: 10 is_upright: true: heading: -3.821948394189566 concentric_idx: 1
zone: 0 ring: 1 sector: 11 is_upright: false: heading: -9.540633319259095 concentric_idx: 1
zone: 0 ring: 1 sector: 12 is_upright: false: heading: -9.613636890860773 concentric_idx: 1
zone: 0 ring: 1 sector: 13 is_upright: true: heading: -2.9791775345813587 concentric_idx: 1
zone: 0 ring: 1 sector: 14 is_upright: true: heading: -2.9413686945388804 concentric_idx: 1
zone: 0 ring: 1 sector: 15 is_upright: true: heading: -1.7297475422739317 concentric_idx: 1
zone: 1 ring: 0 sector: 0 is_upright: true: heading: -1.7792277050651044 concentric_idx: 2
zone: 1 ring: 0 sector: 1 is_upright: true: heading: -1.8514623155646563 concentric_idx: 2
zone: 1 ring: 0 sector: 2 is_upright: true: heading: -1.1138261635389224 concentric_idx: 2
zone: 1 ring: 0 sector: 3 is_upright: false: heading: -11.04905214893278 concentric_idx: 2
zone: 1 ring: 0 sector: 4 is_upright: false: heading: 11.892201902248932 concentric_idx: 2
zone: 1 ring: 0 sector: 5 is_upright: false: heading: -11.534998008574256 concentric_idx: 2
zone: 1 ring: 0 sector: 6 is_upright: false: heading: 5.790754431941807 concentric_idx: 2
zone: 1 ring: 0 sector: 7 is_upright: false: heading: -7.162054854595709 concentric_idx: 2
zone: 1 ring: 0 sector: 8 is_upright: true: heading: 3.1713873426910784 concentric_idx: 2
zone: 1 ring: 0 sector: 9 is_upright: false: heading: -11.490717027876194 concentric_idx: 2
zone: 1 ring: 0 sector: 10 is_upright: false: heading: 9.755433775114684 concentric_idx: 2
zone: 1 ring: 0 sector: 11 is_upright: true: heading: -1.8472994968962095 concentric_idx: 2
zone: 1 ring: 0 sector: 12 is_upright: true: heading: -1.8059021627397862 concentric_idx: 2
zone: 1 ring: 0 sector: 13 is_upright: true: heading: -5.656871433971244 concentric_idx: 2
zone: 1 ring: 0 sector: 14 is_upright: false: heading: NaN concentric_idx: 2
zone: 1 ring: 0 sector: 15 is_upright: true: heading: -2.6612864783440116 concentric_idx: 2
zone: 1 ring: 0 sector: 16 is_upright: true: heading: -1.7473995420184985 concentric_idx: 2
zone: 1 ring: 0 sector: 17 is_upright: true: heading: -1.5783593623559584 concentric_idx: 2
zone: 1 ring: 0 sector: 18 is_upright: true: heading: -1.935696339006172 concentric_idx: 2
zone: 1 ring: 0 sector: 19 is_upright: true: heading: -1.645228333379501 concentric_idx: 2
zone: 1 ring: 0 sector: 20 is_upright: true: heading: -4.06498008141908 concentric_idx: 2
zone: 1 ring: 0 sector: 21 is_upright: true: heading: -0.8652604050298689 concentric_idx: 2
zone: 1 ring: 0 sector: 22 is_upright: false: heading: -11.712060738876403 concentric_idx: 2
zone: 1 ring: 0 sector: 24 is_upright: true: heading: 2.6914690703424125 concentric_idx: 2
zone: 1 ring: 0 sector: 27 is_upright: false: heading: 7.338401062009682 concentric_idx: 2
zone: 1 ring: 0 sector: 28 is_upright: false: heading: -9.506023898904987 concentric_idx: 2
zone: 1 ring: 0 sector: 29 is_upright: false: heading: 5.086039795646886 concentric_idx: 2
zone: 1 ring: 0 sector: 30 is_upright: false: heading: -3.0207774267225855 concentric_idx: 2
zone: 1 ring: 0 sector: 31 is_upright: true: heading: -3.3888211104717993 concentric_idx: 2
zone: 1 ring: 1 sector: 0 is_upright: true: heading: -1.7568978278337581 concentric_idx: 3
zone: 1 ring: 1 sector: 1 is_upright: true: heading: -1.9737925371910998 concentric_idx: 3
zone: 1 ring: 1 sector: 2 is_upright: true: heading: -1.8803117066559396 concentric_idx: 3
zone: 1 ring: 1 sector: 3 is_upright: true: heading: -2.263624700561138 concentric_idx: 3
zone: 1 ring: 1 sector: 4 is_upright: false: heading: -11.743826302015771 concentric_idx: 3
zone: 1 ring: 1 sector: 6 is_upright: false: heading: -10.28877988633715 concentric_idx: 3
zone: 1 ring: 1 sector: 8 is_upright: false: heading: -7.885852267935835 concentric_idx: 3
zone: 1 ring: 1 sector: 9 is_upright: false: heading: 8.043883034959064 concentric_idx: 3
zone: 1 ring: 1 sector: 10 is_upright: false: heading: 12.694721056447213 concentric_idx: 3
zone: 1 ring: 1 sector: 11 is_upright: true: heading: -1.6129095507469313 concentric_idx: 3
zone: 1 ring: 1 sector: 12 is_upright: true: heading: -1.7641248331212205 concentric_idx: 3
zone: 1 ring: 1 sector: 13 is_upright: true: heading: -2.219132696185973 concentric_idx: 3
zone: 1 ring: 1 sector: 14 is_upright: true: heading: -2.750430513154262 concentric_idx: 3
zone: 1 ring: 1 sector: 15 is_upright: true: heading: -4.904905550274433 concentric_idx: 3
zone: 1 ring: 1 sector: 16 is_upright: true: heading: -2.2518405332951463 concentric_idx: 3
zone: 1 ring: 1 sector: 17 is_upright: true: heading: -1.5758718184260854 concentric_idx: 3
zone: 1 ring: 1 sector: 18 is_upright: true: heading: -1.849124240573584 concentric_idx: 3
zone: 1 ring: 1 sector: 19 is_upright: true: heading: -1.5513391825110934 concentric_idx: 3
zone: 1 ring: 1 sector: 20 is_upright: true: heading: -9.59804835085017 concentric_idx: 3
zone: 1 ring: 1 sector: 21 is_upright: false: heading: 11.643984286433653 concentric_idx: 3
zone: 1 ring: 1 sector: 22 is_upright: true: heading: 1.4161753771878547 concentric_idx: 3
zone: 1 ring: 1 sector: 28 is_upright: false: heading: -7.093431354121535 concentric_idx: 3
zone: 1 ring: 1 sector: 29 is_upright: true: heading: -6.904810603262791 concentric_idx: 3
zone: 1 ring: 1 sector: 30 is_upright: true: heading: -1.8449220770643566 concentric_idx: 3
zone: 1 ring: 1 sector: 31 is_upright: true: heading: -1.3400050370477365 concentric_idx: 3
zone: 1 ring: 2 sector: 0 is_upright: true: heading: -1.9019082454456613 concentric_idx: 4
zone: 1 ring: 2 sector: 1 is_upright: true: heading: -3.016422387604422 concentric_idx: 4
zone: 1 ring: 2 sector: 2 is_upright: false: heading: -16.191650775602113 concentric_idx: 4
zone: 1 ring: 2 sector: 3 is_upright: false: heading: -18.150279103859724 concentric_idx: 4
zone: 1 ring: 2 sector: 6 is_upright: false: heading: -0.7997362553455644 concentric_idx: 4
zone: 1 ring: 2 sector: 9 is_upright: false: heading: -7.865658648724191 concentric_idx: 4
zone: 1 ring: 2 sector: 10 is_upright: false: heading: -17.32116765595673 concentric_idx: 4
zone: 1 ring: 2 sector: 11 is_upright: true: heading: -13.781749461808541 concentric_idx: 4
zone: 1 ring: 2 sector: 12 is_upright: true: heading: -1.7904397664130618 concentric_idx: 4
zone: 1 ring: 2 sector: 13 is_upright: true: heading: -0.3998234234551896 concentric_idx: 4
zone: 1 ring: 2 sector: 14 is_upright: true: heading: -0.6307752032959828 concentric_idx: 4
zone: 1 ring: 2 sector: 15 is_upright: true: heading: 10.585443059200802 concentric_idx: 4
zone: 1 ring: 2 sector: 16 is_upright: true: heading: -2.6770761608035603 concentric_idx: 4
zone: 1 ring: 2 sector: 17 is_upright: true: heading: -1.76967818814704 concentric_idx: 4
zone: 1 ring: 2 sector: 18 is_upright: true: heading: -1.9100706679177084 concentric_idx: 4
zone: 1 ring: 2 sector: 19 is_upright: true: heading: -1.705615769254009 concentric_idx: 4
zone: 1 ring: 2 sector: 20 is_upright: false: heading: -10.501661149973371 concentric_idx: 4
zone: 1 ring: 2 sector: 21 is_upright: true: heading: 0.5298786626917155 concentric_idx: 4
zone: 1 ring: 2 sector: 22 is_upright: false: heading: 12.877115653894679 concentric_idx: 4
zone: 1 ring: 2 sector: 29 is_upright: false: heading: -10.726534587324453 concentric_idx: 4
zone: 1 ring: 2 sector: 31 is_upright: true: heading: -1.7797335056604309 concentric_idx: 4
zone: 1 ring: 3 sector: 0 is_upright: true: heading: -1.7834911371558326 concentric_idx: 5
zone: 1 ring: 3 sector: 1 is_upright: true: heading: -1.6157122985447454 concentric_idx: 5
zone: 1 ring: 3 sector: 2 is_upright: false: heading: -17.604030224372078 concentric_idx: 5
zone: 1 ring: 3 sector: 3 is_upright: false: heading: -18.42784410082039 concentric_idx: 5
zone: 1 ring: 3 sector: 4 is_upright: false: heading: 10.963304438709237 concentric_idx: 5
zone: 1 ring: 3 sector: 6 is_upright: false: heading: 0.21653947344848862 concentric_idx: 5
zone: 1 ring: 3 sector: 10 is_upright: true: heading: -6.729013757797498 concentric_idx: 5
zone: 1 ring: 3 sector: 11 is_upright: false: heading: -20.70949811035453 concentric_idx: 5
zone: 1 ring: 3 sector: 12 is_upright: true: heading: -1.9767623146910673 concentric_idx: 5
zone: 1 ring: 3 sector: 13 is_upright: false: heading: -16.68062281578102 concentric_idx: 5
zone: 1 ring: 3 sector: 14 is_upright: false: heading: -17.688357247888412 concentric_idx: 5
zone: 1 ring: 3 sector: 15 is_upright: true: heading: -1.6319718009587991 concentric_idx: 5
zone: 1 ring: 3 sector: 16 is_upright: true: heading: -4.295660711750506 concentric_idx: 5
zone: 1 ring: 3 sector: 17 is_upright: true: heading: -1.889535681519261 concentric_idx: 5
zone: 1 ring: 3 sector: 18 is_upright: true: heading: -1.9256264150128841 concentric_idx: 5
zone: 1 ring: 3 sector: 19 is_upright: true: heading: -1.5433953248050778 concentric_idx: 5
zone: 1 ring: 3 sector: 20 is_upright: false: heading: 15.700671260476437 concentric_idx: 5
zone: 1 ring: 3 sector: 21 is_upright: false: heading: -8.415803851019021 concentric_idx: 5
zone: 1 ring: 3 sector: 22 is_upright: false: heading: -17.894628354541805 concentric_idx: 5
zone: 1 ring: 3 sector: 30 is_upright: true: heading: -13.145718659188503 concentric_idx: 5
zone: 1 ring: 3 sector: 31 is_upright: true: heading: -3.730236171566605 concentric_idx: 5
zone: 2 ring: 0 sector: 0 is_upright: true: heading: -6.783288257902466 concentric_idx: 6
zone: 2 ring: 0 sector: 1 is_upright: false: heading: NaN concentric_idx: 6
zone: 2 ring: 0 sector: 2 is_upright: true: heading: -6.352114689022748 concentric_idx: 6
zone: 2 ring: 0 sector: 3 is_upright: true: heading: 5.211919011825631 concentric_idx: 6
zone: 2 ring: 0 sector: 4 is_upright: false: heading: -6.913543085109151 concentric_idx: 6
zone: 2 ring: 0 sector: 5 is_upright: false: heading: -5.65852410498723 concentric_idx: 6
zone: 2 ring: 0 sector: 6 is_upright: false: heading: 1.5140674612179945 concentric_idx: 6
zone: 2 ring: 0 sector: 17 is_upright: true: heading: -14.277976129865136 concentric_idx: 6
zone: 2 ring: 0 sector: 18 is_upright: false: heading: 1.5507192987002716 concentric_idx: 6
zone: 2 ring: 0 sector: 19 is_upright: false: heading: 1.578253857240457 concentric_idx: 6
zone: 2 ring: 0 sector: 20 is_upright: true: heading: -1.8757383784386248 concentric_idx: 6
zone: 2 ring: 0 sector: 21 is_upright: true: heading: 0.4920096795043245 concentric_idx: 6
zone: 2 ring: 0 sector: 22 is_upright: false: heading: -12.609623211057645 concentric_idx: 6
zone: 2 ring: 0 sector: 23 is_upright: true: heading: -0.16064483746797475 concentric_idx: 6
zone: 2 ring: 0 sector: 24 is_upright: false: heading: 9.529739205835016 concentric_idx: 6
zone: 2 ring: 0 sector: 25 is_upright: false: heading: 4.172080822850991 concentric_idx: 6
zone: 2 ring: 0 sector: 26 is_upright: false: heading: -1.5292570021994547 concentric_idx: 6
zone: 2 ring: 0 sector: 27 is_upright: true: heading: -0.6097186089973115 concentric_idx: 6
zone: 2 ring: 0 sector: 28 is_upright: true: heading: -4.836427924025411 concentric_idx: 6
zone: 2 ring: 0 sector: 29 is_upright: true: heading: -2.457545264573629 concentric_idx: 6
zone: 2 ring: 0 sector: 30 is_upright: true: heading: -1.6305894157093028 concentric_idx: 6
zone: 2 ring: 0 sector: 31 is_upright: true: heading: -1.7592216151285056 concentric_idx: 6
zone: 2 ring: 0 sector: 32 is_upright: true: heading: -1.8476658727061999 concentric_idx: 6
zone: 2 ring: 0 sector: 33 is_upright: true: heading: -0.6927445703390593 concentric_idx: 6
zone: 2 ring: 0 sector: 38 is_upright: false: heading: 18.1805981730128 concentric_idx: 6
zone: 2 ring: 0 sector: 49 is_upright: false: heading: -1.5599537291154748 concentric_idx: 6
zone: 2 ring: 0 sector: 50 is_upright: true: heading: 0.19764421765265416 concentric_idx: 6
zone: 2 ring: 0 sector: 51 is_upright: false: heading: -21.659775746578024 concentric_idx: 6
zone: 2 ring: 0 sector: 52 is_upright: false: heading: -8.75522459934567 concentric_idx: 6
zone: 2 ring: 0 sector: 53 is_upright: false: heading: -7.65512284338796 concentric_idx: 6
zone: 2 ring: 1 sector: 0 is_upright: true: heading: -1.5354723122429206 concentric_idx: 7
zone: 2 ring: 1 sector: 1 is_upright: true: heading: -2.161633991638307 concentric_idx: 7
zone: 2 ring: 1 sector: 2 is_upright: false: heading: 7.021179977897602 concentric_idx: 7
zone: 2 ring: 1 sector: 3 is_upright: false: heading: -6.353145050252944 concentric_idx: 7
zone: 2 ring: 1 sector: 4 is_upright: false: heading: -6.572046853734972 concentric_idx: 7
zone: 2 ring: 1 sector: 5 is_upright: false: heading: 23.151968215651724 concentric_idx: 7
zone: 2 ring: 1 sector: 6 is_upright: false: heading: 2.607143405752452 concentric_idx: 7
zone: 2 ring: 1 sector: 17 is_upright: true: heading: 6.576465667154229 concentric_idx: 7
zone: 2 ring: 1 sector: 18 is_upright: false: heading: 0.364459856383179 concentric_idx: 7
zone: 2 ring: 1 sector: 19 is_upright: true: heading: -2.1752352110607256 concentric_idx: 7
zone: 2 ring: 1 sector: 20 is_upright: true: heading: -1.6652769033590427 concentric_idx: 7
zone: 2 ring: 1 sector: 21 is_upright: true: heading: -7.083568699389248 concentric_idx: 7
zone: 2 ring: 1 sector: 22 is_upright: true: heading: -4.431378169872308 concentric_idx: 7
zone: 2 ring: 1 sector: 23 is_upright: false: heading: 15.62080230544194 concentric_idx: 7
zone: 2 ring: 1 sector: 24 is_upright: false: heading: -19.80194731531342 concentric_idx: 7
zone: 2 ring: 1 sector: 25 is_upright: true: heading: 12.188288748452175 concentric_idx: 7
zone: 2 ring: 1 sector: 26 is_upright: false: heading: -7.809993510801622 concentric_idx: 7
zone: 2 ring: 1 sector: 27 is_upright: true: heading: -1.773477873534102 concentric_idx: 7
zone: 2 ring: 1 sector: 28 is_upright: false: heading: -3.74144159040157 concentric_idx: 7
zone: 2 ring: 1 sector: 29 is_upright: true: heading: 2.983514406155711 concentric_idx: 7
zone: 2 ring: 1 sector: 30 is_upright: true: heading: -2.1454729096645475 concentric_idx: 7
zone: 2 ring: 1 sector: 31 is_upright: true: heading: -1.6082728925775491 concentric_idx: 7
zone: 2 ring: 1 sector: 32 is_upright: true: heading: -1.6781206660960444 concentric_idx: 7
zone: 2 ring: 1 sector: 33 is_upright: true: heading: -1.7236175782385168 concentric_idx: 7
zone: 2 ring: 1 sector: 52 is_upright: false: heading: -5.4939440811784745 concentric_idx: 7
zone: 2 ring: 1 sector: 53 is_upright: true: heading: -1.596701971235792 concentric_idx: 7
zone: 2 ring: 2 sector: 0 is_upright: true: heading: 0.32507612063306524 concentric_idx: 8
zone: 2 ring: 2 sector: 1 is_upright: true: heading: -1.0419629344572479 concentric_idx: 8
zone: 2 ring: 2 sector: 2 is_upright: true: heading: 2.4451557575326284 concentric_idx: 8
zone: 2 ring: 2 sector: 3 is_upright: false: heading: 10.707105962420359 concentric_idx: 8
zone: 2 ring: 2 sector: 18 is_upright: true: heading: -2.3628474072513628 concentric_idx: 8
zone: 2 ring: 2 sector: 19 is_upright: true: heading: -2.787778493498192 concentric_idx: 8
zone: 2 ring: 2 sector: 20 is_upright: true: heading: -6.890429012377265 concentric_idx: 8
zone: 2 ring: 2 sector: 21 is_upright: true: heading: 1.6060200595618588 concentric_idx: 8
zone: 2 ring: 2 sector: 22 is_upright: true: heading: -2.9387868106279496 concentric_idx: 8
zone: 2 ring: 2 sector: 23 is_upright: false: heading: 21.635098359192774 concentric_idx: 8
zone: 2 ring: 2 sector: 24 is_upright: false: heading: -27.500265844953013 concentric_idx: 8
zone: 2 ring: 2 sector: 25 is_upright: true: heading: 0.2082941204557811 concentric_idx: 8
zone: 2 ring: 2 sector: 26 is_upright: true: heading: -1.7955759407226588 concentric_idx: 8
zone: 2 ring: 2 sector: 27 is_upright: true: heading: 0.2172271937912369 concentric_idx: 8
zone: 2 ring: 2 sector: 28 is_upright: true: heading: 0.19205391551093354 concentric_idx: 8
zone: 2 ring: 2 sector: 29 is_upright: false: heading: 19.045624328087715 concentric_idx: 8
zone: 2 ring: 2 sector: 30 is_upright: true: heading: -2.644632431862485 concentric_idx: 8
zone: 2 ring: 2 sector: 31 is_upright: true: heading: -1.6956214915822736 concentric_idx: 8
zone: 2 ring: 2 sector: 32 is_upright: true: heading: -1.4171612357684897 concentric_idx: 8
zone: 2 ring: 2 sector: 33 is_upright: false: heading: -13.055654143438268 concentric_idx: 8
zone: 2 ring: 2 sector: 52 is_upright: false: heading: -6.626326680140404 concentric_idx: 8
zone: 2 ring: 2 sector: 53 is_upright: false: heading: -21.12656265359359 concentric_idx: 8
zone: 2 ring: 3 sector: 0 is_upright: true: heading: 0.3124309361457922 concentric_idx: 9
zone: 2 ring: 3 sector: 1 is_upright: true: heading: 0.167723354509552 concentric_idx: 9
zone: 2 ring: 3 sector: 2 is_upright: true: heading: 10.29868395648276 concentric_idx: 9
zone: 2 ring: 3 sector: 3 is_upright: false: heading: -11.853225816582706 concentric_idx: 9
zone: 2 ring: 3 sector: 18 is_upright: true: heading: 0.2612124020320614 concentric_idx: 9
zone: 2 ring: 3 sector: 19 is_upright: true: heading: 0.10166472455450037 concentric_idx: 9
zone: 2 ring: 3 sector: 20 is_upright: false: heading: -29.6804552391362 concentric_idx: 9
zone: 2 ring: 3 sector: 21 is_upright: false: heading: 31.09297659141308 concentric_idx: 9
zone: 2 ring: 3 sector: 22 is_upright: false: heading: 18.345226064799522 concentric_idx: 9
zone: 2 ring: 3 sector: 23 is_upright: true: heading: 0.20072827821526973 concentric_idx: 9
zone: 2 ring: 3 sector: 25 is_upright: true: heading: 0.1831534046045462 concentric_idx: 9
zone: 2 ring: 3 sector: 26 is_upright: false: heading: 7.273323218674561 concentric_idx: 9
zone: 2 ring: 3 sector: 27 is_upright: true: heading: 0.1959291298845458 concentric_idx: 9
zone: 2 ring: 3 sector: 28 is_upright: true: heading: 0.2174138838884423 concentric_idx: 9
zone: 2 ring: 3 sector: 29 is_upright: true: heading: -17.15302815155955 concentric_idx: 9
zone: 2 ring: 3 sector: 30 is_upright: true: heading: 0.25131348894501393 concentric_idx: 9
zone: 2 ring: 3 sector: 31 is_upright: true: heading: 0.14967094340781917 concentric_idx: 9
zone: 2 ring: 3 sector: 32 is_upright: true: heading: -2.4635394064622735 concentric_idx: 9
zone: 2 ring: 3 sector: 33 is_upright: false: heading: NaN concentric_idx: 9
zone: 2 ring: 3 sector: 53 is_upright: true: heading: -19.844254965375246 concentric_idx: 9
zone: 3 ring: 0 sector: 0 is_upright: true: heading: -1.4132079579064887 concentric_idx: 10
zone: 3 ring: 0 sector: 1 is_upright: true: heading: 0.4913252461986708 concentric_idx: 10
zone: 3 ring: 0 sector: 10 is_upright: true: heading: -3.2790743145670502 concentric_idx: 10
zone: 3 ring: 0 sector: 11 is_upright: false: heading: 41.731580738078826 concentric_idx: 10
zone: 3 ring: 0 sector: 12 is_upright: true: heading: -11.099923226079348 concentric_idx: 10
zone: 3 ring: 0 sector: 13 is_upright: true: heading: -0.33919662819618146 concentric_idx: 10
zone: 3 ring: 0 sector: 14 is_upright: true: heading: 6.819116966011368 concentric_idx: 10
zone: 3 ring: 0 sector: 15 is_upright: true: heading: 5.089732216218505 concentric_idx: 10
zone: 3 ring: 0 sector: 16 is_upright: true: heading: 10.402761716100722 concentric_idx: 10
zone: 3 ring: 0 sector: 17 is_upright: true: heading: 2.3616236881143076 concentric_idx: 10
zone: 3 ring: 0 sector: 18 is_upright: true: heading: 0.13447909769293664 concentric_idx: 10
zone: 3 ring: 0 sector: 19 is_upright: true: heading: -2.6363731989593373 concentric_idx: 10
zone: 3 ring: 0 sector: 31 is_upright: false: heading: -10.495296942464687 concentric_idx: 10
zone: 3 ring: 1 sector: 0 is_upright: true: heading: 0.1716323100586239 concentric_idx: 11
zone: 3 ring: 1 sector: 1 is_upright: true: heading: -11.281065984460138 concentric_idx: 11
zone: 3 ring: 1 sector: 11 is_upright: true: heading: 3.6587201260299462 concentric_idx: 11
zone: 3 ring: 1 sector: 12 is_upright: true: heading: -11.334651454923884 concentric_idx: 11
zone: 3 ring: 1 sector: 15 is_upright: true: heading: 17.029724844523603 concentric_idx: 11
zone: 3 ring: 1 sector: 16 is_upright: true: heading: 0.31036249295819984 concentric_idx: 11
zone: 3 ring: 1 sector: 17 is_upright: true: heading: 0.7737491664582401 concentric_idx: 11
zone: 3 ring: 1 sector: 18 is_upright: true: heading: 0.14463511773479998 concentric_idx: 11
zone: 3 ring: 1 sector: 19 is_upright: true: heading: 0.10095823569213214 concentric_idx: 11
zone: 3 ring: 1 sector: 31 is_upright: true: heading: 0.32836974966311305 concentric_idx: 11
zone: 3 ring: 2 sector: 0 is_upright: true: heading: -32.931141941278845 concentric_idx: 12
zone: 3 ring: 2 sector: 1 is_upright: false: heading: 10.933527245281041 concentric_idx: 12
zone: 3 ring: 2 sector: 16 is_upright: false: heading: NaN concentric_idx: 12
zone: 3 ring: 2 sector: 17 is_upright: true: heading: 0.22147597946347308 concentric_idx: 12
zone: 3 ring: 2 sector: 18 is_upright: true: heading: -4.724943820208822 concentric_idx: 12
zone: 3 ring: 2 sector: 19 is_upright: true: heading: 1.7063651517483773 concentric_idx: 12
zone: 3 ring: 2 sector: 31 is_upright: true: heading: -12.947263328454422 concentric_idx: 12
zone: 3 ring: 3 sector: 0 is_upright: true: heading: 18.361287627838845 concentric_idx: 13
zone: 3 ring: 3 sector: 1 is_upright: true: heading: 7.781639407421057 concentric_idx: 13
zone: 3 ring: 3 sector: 15 is_upright: false: heading: -67.18786927104485 concentric_idx: 13
zone: 3 ring: 3 sector: 16 is_upright: true: heading: -22.1971518638102 concentric_idx: 13
zone: 3 ring: 3 sector: 17 is_upright: true: heading: 14.063649943924036 concentric_idx: 13
zone: 3 ring: 3 sector: 18 is_upright: true: heading: 0.20766677562067004 concentric_idx: 13
zone: 3 ring: 3 sector: 19 is_upright: true: heading: 6.641507611220287 concentric_idx: 13
zone: 3 ring: 3 sector: 31 is_upright: true: heading: 1.4322209138861604 concentric_idx: 13
